<?xml version="1.0" encoding="UTF-8"?>
<testsuite xmlns:xsi="http://www.w3.org/2001/XMLSchema-instance" xsi:noNamespaceSchemaLocation="https://maven.apache.org/surefire/maven-surefire-plugin/xsd/surefire-test-report-3.0.xsd" version="3.0" name="romannumerals.NumberToRomanApplicationTests" time="1.061" tests="1" errors="0" skipped="0" failures="0">
  <properties>
[...]
</properties>
  <testcase name="contextLoads" classname="romannumerals.NumberToRomanApplicationTests" time="0.008">
    <system-out><![CDATA[2024-06-10 17:27:42 [main] INFO  o.s.t.c.s.AnnotationConfigContextLoaderUtils - Could not detect default configuration classes for test class [romannumerals.NumberToRomanApplicationTests]: NumberToRomanApplicationTests does not declare any static, non-private, non-final, nested classes annotated with @Configuration.
2024-06-10 17:27:42 [main] INFO  o.s.b.t.c.SpringBootTestContextBootstrapper - Found @SpringBootConfiguration romannumerals.NumberToRomanApplication for test class romannumerals.NumberToRomanApplicationTests
  .   ____          _            __ _ _
 /\\ / ___'_ __ _ _(_)_ __  __ _ \ \ \ \
( ( )\___ | '_ | '_| | '_ \/ _` | \ \ \ \
 \\/  ___)| |_)| | | | | || (_| |  ) ) ) )
  '  |____| .__|_| |_|_| |_\__, | / / / /
 =========|_|==============|___/=/_/_/_/

 :: Spring Boot ::                (v3.3.0)

2024-06-10 17:27:42 [main] INFO  r.NumberToRomanApplicationTests - Starting NumberToRomanApplicationTests using Java 22.0.1 with PID 10993 (started by anirudh in /Users/anirudh/Number-to-Roman/Number-To-Roman)
2024-06-10 17:27:42 [main] DEBUG r.NumberToRomanApplicationTests - Running with Spring Boot v3.3.0, Spring v6.1.8
2024-06-10 17:27:42 [main] INFO  r.NumberToRomanApplicationTests - No active profile set, falling back to 1 default profile: "default"
2024-06-10 17:27:43 [main] WARN  o.s.c.s.PostProcessorRegistrationDelegate$BeanPostProcessorChecker - Bean 'org.springframework.ws.config.annotation.DelegatingWsConfiguration' of type [org.springframework.ws.config.annotation.DelegatingWsConfiguration$$SpringCGLIB$$0] is not eligible for getting processed by all BeanPostProcessors (for example: not eligible for auto-proxying). The currently created BeanPostProcessor [annotationActionEndpointMapping] is declared through a non-static factory method on that class; consider declaring it as static instead.
2024-06-10 17:27:43 [main] INFO  o.s.w.s.a.s.AnnotationActionEndpointMapping - Supporting [WS-Addressing August 2004, WS-Addressing 1.0]
2024-06-10 17:27:43 [main] INFO  o.s.b.a.e.web.EndpointLinksResolver - Exposing 2 endpoints beneath base path '/actuator'
2024-06-10 17:27:43 [main] INFO  r.NumberToRomanApplicationTests - Started NumberToRomanApplicationTests in 1.028 seconds (process running for 11.501)
]]></system-out>
  </testcase>
</testsuite>